android/build/outputs/logs/manifest-merger-debug-report.txt
-- Merging decision tree log ---
manifest
ADDED from src/main/AndroidManifest.xml:1:1-20:12
INJECTED from src/main/AndroidManifest.xml:1:1-20:12
INJECTED from src/main/AndroidManifest.xml:1:1-20:12
	package
		ADDED from src/main/AndroidManifest.xml:2:3-43
		INJECTED from src/main/AndroidManifest.xml
		INJECTED from src/main/AndroidManifest.xml
	xmlns:android
		ADDED from src/main/AndroidManifest.xml:1:11-69
uses-permission#android.permission.INTERNET
ADDED from src/main/AndroidManifest.xml:4:5-66
	android:name
		ADDED from src/main/AndroidManifest.xml:4:22-64
uses-permission#android.permission.RECEIVE_BOOT_COMPLETED
ADDED from src/main/AndroidManifest.xml:5:5-80
	android:name
		ADDED from src/main/AndroidManifest.xml:5:22-78
uses-permission#android.permission.FOREGROUND_SERVICE
ADDED from src/main/AndroidManifest.xml:6:5-76
	android:name
		ADDED from src/main/AndroidManifest.xml:6:22-74
application
ADDED from src/main/AndroidManifest.xml:8:5-19:19
service#io.flutter.plugins.videoplayer.VideoDownloadService
ADDED from src/main/AndroidManifest.xml:9:9-14:19
	android:exported
		ADDED from src/main/AndroidManifest.xml:9:55-79
	android:name
		ADDED from src/main/AndroidManifest.xml:9:18-54
intent-filter#action:name:com.google.android.exoplayer.downloadService.action.RESTART+category:name:android.intent.category.DEFAULT
ADDED from src/main/AndroidManifest.xml:10:13-13:29
action#com.google.android.exoplayer.downloadService.action.RESTART
ADDED from src/main/AndroidManifest.xml:11:17-101
	android:name
		ADDED from src/main/AndroidManifest.xml:11:25-99
category#android.intent.category.DEFAULT
ADDED from src/main/AndroidManifest.xml:12:17-75
	android:name
		ADDED from src/main/AndroidManifest.xml:12:27-73
service#com.google.android.exoplayer2.scheduler.PlatformScheduler$PlatformSchedulerService
ADDED from src/main/AndroidManifest.xml:15:9-18:71
	android:exported
		ADDED from src/main/AndroidManifest.xml:16:13-36
	android:permission
		ADDED from src/main/AndroidManifest.xml:18:13-69
	android:name
		ADDED from src/main/AndroidManifest.xml:17:13-110
uses-sdk
INJECTED from src/main/AndroidManifest.xml reason: use-sdk injection requested
INJECTED from src/main/AndroidManifest.xml
INJECTED from src/main/AndroidManifest.xml
	android:minSdkVersion
		INJECTED from src/main/AndroidManifest.xml
		ADDED from src/main/AndroidManifest.xml
		INJECTED from src/main/AndroidManifest.xml